{"uuid":"4aa11e15-8f32-4721-8472-268ba143ba18","historyId":"899bd8f078565df980163c64aed364e4","fullName":"Pesquisa: Usuario realiza pesquisa no blog","labels":[{"name":"host","value":"DESKTOP-BG7U0K6"},{"name":"thread","value":"11728@DESKTOP-BG7U0K6.main(1)"},{"name":"feature","value":"Pesquisa"},{"name":"story","value":"Usuario realiza pesquisa no blog"},{"name":"suite","value":"Pesquisa"},{"name":"testClass","value":"Usuario realiza pesquisa no blog"},{"name":"framework","value":"cucumber4jvm"},{"name":"language","value":"java"},{"name":"gherkin_uri","value":"file:///C:/SOCtest/SOC/src/test/resources/features/Pesquisa.feature"},{"name":"package","value":"src.test.resources.features.Pesquisa_feature.Pesquisa"}],"links":[],"name":"Usuario realiza pesquisa no blog","status":"failed","statusDetails":{"known":false,"muted":false,"flaky":false,"message":"Elemento não encontrado dentro do tempo esperado By.cssSelector: .elementor-sticky__spacer .elementor-element-a224482, erro: org.openqa.selenium.TimeoutException: Expected condition failed: waiting for visibility of element located by By.cssSelector: .elementor-sticky__spacer .elementor-element-a224482 (tried for 20 second(s) with 500 milliseconds interval)\nBuild info: version: '4.16.0', revision: '15400459dd*'\nSystem info: os.name: 'Windows 10', os.arch: 'amd64', os.version: '10.0', java.version: '18.0.1'\nDriver info: org.openqa.selenium.chrome.ChromeDriver\nCapabilities {acceptInsecureCerts: false, browserName: chrome, browserVersion: 120.0.6099.71, chrome: {chromedriverVersion: 120.0.6099.71 (9729082fe617..., userDataDir: C:\\Users\\TOWARD~1\\AppData\\L...}, fedcm:accounts: true, goog:chromeOptions: {debuggerAddress: localhost:51363}, networkConnectionEnabled: false, pageLoadStrategy: normal, platformName: windows, proxy: Proxy(), se:cdp: ws://localhost:51363/devtoo..., se:cdpVersion: 120.0.6099.71, setWindowRect: true, strictFileInteractability: false, timeouts: {implicit: 0, pageLoad: 300000, script: 30000}, unhandledPromptBehavior: dismiss and notify, webauthn:extension:credBlob: true, webauthn:extension:largeBlob: true, webauthn:extension:minPinLength: true, webauthn:extension:prf: true, webauthn:virtualAuthenticators: true}\nSession ID: 85b1ce4952184705841c0e7cc8fc0a6d","trace":"java.lang.AssertionError: Elemento não encontrado dentro do tempo esperado By.cssSelector: .elementor-sticky__spacer .elementor-element-a224482, erro: org.openqa.selenium.TimeoutException: Expected condition failed: waiting for visibility of element located by By.cssSelector: .elementor-sticky__spacer .elementor-element-a224482 (tried for 20 second(s) with 500 milliseconds interval)\nBuild info: version: '4.16.0', revision: '15400459dd*'\nSystem info: os.name: 'Windows 10', os.arch: 'amd64', os.version: '10.0', java.version: '18.0.1'\nDriver info: org.openqa.selenium.chrome.ChromeDriver\nCapabilities {acceptInsecureCerts: false, browserName: chrome, browserVersion: 120.0.6099.71, chrome: {chromedriverVersion: 120.0.6099.71 (9729082fe617..., userDataDir: C:\\Users\\TOWARD~1\\AppData\\L...}, fedcm:accounts: true, goog:chromeOptions: {debuggerAddress: localhost:51363}, networkConnectionEnabled: false, pageLoadStrategy: normal, platformName: windows, proxy: Proxy(), se:cdp: ws://localhost:51363/devtoo..., se:cdpVersion: 120.0.6099.71, setWindowRect: true, strictFileInteractability: false, timeouts: {implicit: 0, pageLoad: 300000, script: 30000}, unhandledPromptBehavior: dismiss and notify, webauthn:extension:credBlob: true, webauthn:extension:largeBlob: true, webauthn:extension:minPinLength: true, webauthn:extension:prf: true, webauthn:virtualAuthenticators: true}\nSession ID: 85b1ce4952184705841c0e7cc8fc0a6d\r\n\tat org.junit.Assert.fail(Assert.java:89)\r\n\tat Utils.WebDriverUtils.esperarElementoVisivel(WebDriverUtils.java:37)\r\n\tat Utils.WebDriverUtils.clicar(WebDriverUtils.java:22)\r\n\tat Pages.HomeSocPage.ClicarLupa(HomeSocPage.java:14)\r\n\tat Steps.HomeSocSteps.pesquisar(HomeSocSteps.java:22)\r\n\tat ✽.clicar na lupa de pesquisa(file:///C:/SOCtest/SOC/src/test/resources/features/Pesquisa.feature:4)\r\n"},"stage":"finished","steps":[{"name":"Given  que o usuario esteja pagina inicial do site","status":"passed","statusDetails":{"known":false,"muted":false,"flaky":false},"stage":"finished","steps":[],"attachments":[],"parameters":[],"start":1702217939113,"stop":1702217981605},{"name":"When  clicar na lupa de pesquisa","status":"failed","statusDetails":{"known":false,"muted":false,"flaky":false,"message":"Elemento não encontrado dentro do tempo esperado By.cssSelector: .elementor-sticky__spacer .elementor-element-a224482, erro: org.openqa.selenium.TimeoutException: Expected condition failed: waiting for visibility of element located by By.cssSelector: .elementor-sticky__spacer .elementor-element-a224482 (tried for 20 second(s) with 500 milliseconds interval)\nBuild info: version: '4.16.0', revision: '15400459dd*'\nSystem info: os.name: 'Windows 10', os.arch: 'amd64', os.version: '10.0', java.version: '18.0.1'\nDriver info: org.openqa.selenium.chrome.ChromeDriver\nCapabilities {acceptInsecureCerts: false, browserName: chrome, browserVersion: 120.0.6099.71, chrome: {chromedriverVersion: 120.0.6099.71 (9729082fe617..., userDataDir: C:\\Users\\TOWARD~1\\AppData\\L...}, fedcm:accounts: true, goog:chromeOptions: {debuggerAddress: localhost:51363}, networkConnectionEnabled: false, pageLoadStrategy: normal, platformName: windows, proxy: Proxy(), se:cdp: ws://localhost:51363/devtoo..., se:cdpVersion: 120.0.6099.71, setWindowRect: true, strictFileInteractability: false, timeouts: {implicit: 0, pageLoad: 300000, script: 30000}, unhandledPromptBehavior: dismiss and notify, webauthn:extension:credBlob: true, webauthn:extension:largeBlob: true, webauthn:extension:minPinLength: true, webauthn:extension:prf: true, webauthn:virtualAuthenticators: true}\nSession ID: 85b1ce4952184705841c0e7cc8fc0a6d","trace":"java.lang.AssertionError: Elemento não encontrado dentro do tempo esperado By.cssSelector: .elementor-sticky__spacer .elementor-element-a224482, erro: org.openqa.selenium.TimeoutException: Expected condition failed: waiting for visibility of element located by By.cssSelector: .elementor-sticky__spacer .elementor-element-a224482 (tried for 20 second(s) with 500 milliseconds interval)\nBuild info: version: '4.16.0', revision: '15400459dd*'\nSystem info: os.name: 'Windows 10', os.arch: 'amd64', os.version: '10.0', java.version: '18.0.1'\nDriver info: org.openqa.selenium.chrome.ChromeDriver\nCapabilities {acceptInsecureCerts: false, browserName: chrome, browserVersion: 120.0.6099.71, chrome: {chromedriverVersion: 120.0.6099.71 (9729082fe617..., userDataDir: C:\\Users\\TOWARD~1\\AppData\\L...}, fedcm:accounts: true, goog:chromeOptions: {debuggerAddress: localhost:51363}, networkConnectionEnabled: false, pageLoadStrategy: normal, platformName: windows, proxy: Proxy(), se:cdp: ws://localhost:51363/devtoo..., se:cdpVersion: 120.0.6099.71, setWindowRect: true, strictFileInteractability: false, timeouts: {implicit: 0, pageLoad: 300000, script: 30000}, unhandledPromptBehavior: dismiss and notify, webauthn:extension:credBlob: true, webauthn:extension:largeBlob: true, webauthn:extension:minPinLength: true, webauthn:extension:prf: true, webauthn:virtualAuthenticators: true}\nSession ID: 85b1ce4952184705841c0e7cc8fc0a6d\r\n\tat org.junit.Assert.fail(Assert.java:89)\r\n\tat Utils.WebDriverUtils.esperarElementoVisivel(WebDriverUtils.java:37)\r\n\tat Utils.WebDriverUtils.clicar(WebDriverUtils.java:22)\r\n\tat Pages.HomeSocPage.ClicarLupa(HomeSocPage.java:14)\r\n\tat Steps.HomeSocSteps.pesquisar(HomeSocSteps.java:22)\r\n\tat ✽.clicar na lupa de pesquisa(file:///C:/SOCtest/SOC/src/test/resources/features/Pesquisa.feature:4)\r\n"},"stage":"finished","steps":[],"attachments":[],"parameters":[],"start":1702217981637,"stop":1702218002681},{"name":"And  informar o \"São Paulo\"","status":"skipped","statusDetails":{"known":false,"muted":false,"flaky":false},"stage":"finished","steps":[],"attachments":[],"parameters":[],"start":1702218002682,"stop":1702218002714},{"name":"Then  exibir o resultado da pesquisa","status":"skipped","statusDetails":{"known":false,"muted":false,"flaky":false},"stage":"finished","steps":[],"attachments":[],"parameters":[],"start":1702218002714,"stop":1702218002715}],"attachments":[],"parameters":[{"name":"pesquisa","value":"São Paulo"}],"start":1702217939105,"stop":1702218003721}